<?xml version='1.0' encoding='UTF-8'?>
<testsuite hostname="FGACERPRED" name="undirected.SimpleGraphNeighborsImplSpec" tests="22" errors="0" failures="0" skipped="0" time="0.793" timestamp="2022-03-17T18:16:16">
          <properties>
      <property name="java.specification.version" value="17"/><property name="sun.cpu.isalist" value="amd64"/><property name="sun.jnu.encoding" value="Cp1252"/><property name="sun.arch.data.model" value="64"/><property name="java.vendor.url" value="https://java.oracle.com/"/><property name="sun.boot.library.path" value="C:\Program Files\Java\jdk-17.0.2\bin"/><property name="sun.java.command" value="xsbt.boot.Boot"/><property name="jdk.debug" value="release"/><property name="sun.stderr.encoding" value="cp850"/><property name="java.specification.vendor" value="Oracle Corporation"/><property name="java.version.date" value="2022-01-18"/><property name="java.home" value="C:\Program Files\Java\jdk-17.0.2"/><property name="file.separator" value="\"/><property name="java.vm.compressedOopsMode" value="32-bit"/><property name="line.separator" value="
"/><property name="sun.stdout.encoding" value="cp850"/><property name="java.vm.specification.vendor" value="Oracle Corporation"/><property name="java.specification.name" value="Java Platform API Specification"/><property name="user.script" value=""/><property name="sun.management.compiler" value="HotSpot 64-Bit Tiered Compilers"/><property name="java.runtime.version" value="17.0.2+8-LTS-86"/><property name="user.name" value="fabie"/><property name="log4j.ignoreTCL" value="true"/><property name="file.encoding" value="UTF-8"/><property name="jnidispatch.path" value="C:\Users\fabie\AppData\Local\Temp\jna-97186403\jna7610917941257823758.dll"/><property name="jna.loaded" value="true"/><property name="java.io.tmpdir" value="C:\Users\fabie\AppData\Local\Temp\"/><property name="java.version" value="17.0.2"/><property name="java.vm.specification.name" value="Java Virtual Machine Specification"/><property name="sun.os.patch.level" value=""/><property name="native.encoding" value="Cp1252"/><property name="java.library.path" value="C:\Program Files\Java\jdk-17.0.2\bin;C:\WINDOWS\Sun\Java\bin;C:\WINDOWS\system32;C:\WINDOWS;C:\Program Files\Common Files\Oracle\Java\javapath;C:\Windows\system32;C:\Windows;C:\Windows\System32\Wbem;C:\Windows\System32\WindowsPowerShell\v1.0\;C:\Windows\System32\OpenSSH\;C:\Program Files (x86)\NVIDIA Corporation\PhysX\Common;C:\Program Files\NVIDIA Corporation\NVIDIA NvDLISR;C:\Program Files\MiKTeX 2.9\miktex\bin\x64\;C:\Program Files\Git\cmd;C:\WINDOWS\system32;C:\WINDOWS;C:\WINDOWS\System32\Wbem;C:\WINDOWS\System32\WindowsPowerShell\v1.0\;C:\WINDOWS\System32\OpenSSH\;C:\Program Files (x86)\IVI Foundation\VISA\WinNT\Bin\;C:\Program Files\IVI Foundation\VISA\Win64\Bin\;C:\Program Files (x86)\National Instruments\Shared\LabVIEW CLI;C:\cygwin64\home\fabie\tipe\database;C:\cygwin64\bin;C:\Program Files\nodejs\;C:\Program Files (x86)\sbt\bin;C:\Users\fabie\anaconda3;C:\Users\fabie\anaconda3\Library\mingw-w64\bin;C:\Users\fabie\anaconda3\Library\usr\bin;C:\Users\fabie\anaconda3\Library\bin;C:\Users\fabie\anaconda3\Scripts;C:\Users\fabie\AppData\Local\Programs\Python\Python310\Scripts\;C:\Users\fabie\AppData\Local\Programs\Python\Python310\;C:\Users\fabie\AppData\Local\Microsoft\WindowsApps;C:\Users\fabie\AppData\Local\Programs\Microsoft VS Code\bin;C:\Users\fabie\AppData\Roaming\npm;C:\Users\fabie\AppData\Local\gitkraken\bin;."/><property name="java.vendor" value="Oracle Corporation"/><property name="scala.ext.dirs" value="C:\Users\fabie\.sbt\1.0\java9-rt-ext-oracle_corporation_17_0_2"/><property name="sun.io.unicode.encoding" value="UnicodeLittle"/><property name="java.class.path" value="C:\Program Files (x86)\sbt\\bin\sbt-launch.jar"/><property name="java.vm.vendor" value="Oracle Corporation"/><property name="user.variant" value=""/><property name="jline.shutdownhook" value="false"/><property name="user.timezone" value="Europe/Paris"/><property name="java.vm.specification.version" value="17"/><property name="os.name" value="Windows 11"/><property name="sun.java.launcher" value="SUN_STANDARD"/><property name="user.country" value="FR"/><property name="sun.cpu.endian" value="little"/><property name="user.home" value="C:\Users\fabie"/><property name="user.language" value="fr"/><property name="swoval.tmpdir" value="C:\Users\fabie\.sbt\1.0"/><property name="jline.esc.timeout" value="0"/><property name="path.separator" value=";"/><property name="os.version" value="10.0"/><property name="jna.nosys" value="true"/><property name="java.runtime.name" value="Java(TM) SE Runtime Environment"/><property name="java.vm.name" value="Java HotSpot(TM) 64-Bit Server VM"/><property name="java.vendor.url.bug" value="https://bugreport.java.com/bugreport/"/><property name="user.dir" value="C:\Users\fabie\OneDrive\Documents\FABIEN\CY Tech\ING2\Programmation fonctionnelle\ProjetScala\graph_squelette"/><property name="os.arch" value="amd64"/><property name="java.vm.info" value="mixed mode, sharing"/><property name="java.vm.version" value="17.0.2+8-LTS-86"/><property name="java.class.version" value="61.0"/>
    </properties>
          <testcase classname="undirected.SimpleGraphNeighborsImplSpec" name="SimpleGraphNeighborsImpl.neighborsOf must yield None if input is not an actual vertex of graph" time="0.304">
                      
                    </testcase><testcase classname="undirected.SimpleGraphNeighborsImplSpec" name="SimpleGraphNeighborsImpl.neighborsOf must yield a subset of vertex set if input is an actual vertex of graph" time="0.007">
                      
                    </testcase><testcase classname="undirected.SimpleGraphNeighborsImplSpec" name="SimpleGraphNeighborsImpl.neighborsOf must yield a set of adjacent vertices" time="0.012">
                      
                    </testcase><testcase classname="undirected.SimpleGraphNeighborsImplSpec" name="SimpleGraphNeighborsImpl.+ must contain input vertex" time="0.01">
                      
                    </testcase><testcase classname="undirected.SimpleGraphNeighborsImplSpec" name="SimpleGraphNeighborsImpl.+ must return input graph if input vertex is already in graph" time="0.011">
                      
                    </testcase><testcase classname="undirected.SimpleGraphNeighborsImplSpec" name="SimpleGraphNeighborsImpl.+ must have input vertex with degree 0 if not an actual vertex of graph" time="0.008">
                      
                    </testcase><testcase classname="undirected.SimpleGraphNeighborsImplSpec" name="SimpleGraphNeighborsImpl.- must NOT contain input vertex" time="0.016">
                      
                    </testcase><testcase classname="undirected.SimpleGraphNeighborsImplSpec" name="SimpleGraphNeighborsImpl.- must return input graph if input vertex is not already in graph" time="0.061">
                      
                    </testcase><testcase classname="undirected.SimpleGraphNeighborsImplSpec" name="SimpleGraphNeighborsImpl.- must have input vertex removed from neighbors if an actual vertex of graph" time="0.005">
                      
                    </testcase><testcase classname="undirected.SimpleGraphNeighborsImplSpec" name="SimpleGraphNeighborsImpl.- must have degree updated for all neighbors if an actual vertex of graph" time="0.072">
                      
                    </testcase><testcase classname="undirected.SimpleGraphNeighborsImplSpec" name="SimpleGraphNeighborsImpl.- must revert back the + operator applied on an actual new vertex" time="0.126">
                      
                    </testcase><testcase classname="undirected.SimpleGraphNeighborsImplSpec" name="SimpleGraphNeighborsImpl.+| must contain input edge" time="0.004">
                      
                    </testcase><testcase classname="undirected.SimpleGraphNeighborsImplSpec" name="SimpleGraphNeighborsImpl.+| must contain ends of input edge" time="0.005">
                      
                    </testcase><testcase classname="undirected.SimpleGraphNeighborsImplSpec" name="SimpleGraphNeighborsImpl.+| must return input graph if input edge is already in graph" time="0.013">
                      
                    </testcase><testcase classname="undirected.SimpleGraphNeighborsImplSpec" name="SimpleGraphNeighborsImpl.-| must NOT contain input edge" time="0.018">
                      
                    </testcase><testcase classname="undirected.SimpleGraphNeighborsImplSpec" name="SimpleGraphNeighborsImpl.-| must return input graph if input edge is not already in graph" time="0.066">
                      
                    </testcase><testcase classname="undirected.SimpleGraphNeighborsImplSpec" name="SimpleGraphNeighborsImpl.-| must have ends removed from neighbors if an actual vertex of graph" time="0.012">
                      
                    </testcase><testcase classname="undirected.SimpleGraphNeighborsImplSpec" name="SimpleGraphNeighborsImpl.-| must have degree updated for both ends if an actual vertex of graph" time="0.005">
                      
                    </testcase><testcase classname="undirected.SimpleGraphNeighborsImplSpec" name="SimpleGraphNeighborsImpl.withoutEdge must let vertex set unchanged" time="0.015">
                      
                    </testcase><testcase classname="undirected.SimpleGraphNeighborsImplSpec" name="SimpleGraphNeighborsImpl.withoutEdge must have empty edge set" time="0.004">
                      
                    </testcase><testcase classname="undirected.SimpleGraphNeighborsImplSpec" name="SimpleGraphNeighborsImpl.withoutEdge must have empty neighbors for any vertex" time="0.009">
                      
                    </testcase><testcase classname="undirected.SimpleGraphNeighborsImplSpec" name="SimpleGraphNeighborsImpl.withoutEdge must have zero degree for any vertex" time="0.01">
                      
                    </testcase>
          <system-out><![CDATA[]]></system-out>
          <system-err><![CDATA[]]></system-err>
        </testsuite>